00:34:59 INFO  : Registering command handlers for SDK TCF services
00:34:59 INFO  : Launching XSCT server: xsct.bat -interactive C:\FPGA\MicroZus\ps_hello_zynq\ps_hello_zynq.sdk\temp_xsdb_launch_script.tcl
00:35:01 INFO  : XSCT server has started successfully.
00:35:01 INFO  : Successfully done setting XSCT server connection channel  
00:35:02 INFO  : Successfully done setting SDK workspace  
00:35:02 INFO  : Processing command line option -hwspec C:/FPGA/MicroZus/ps_hello_zynq/ps_hello_zynq.sdk/ps_hello_zynq_wrapper.hdf.
00:50:39 INFO  : Connected to target on host '127.0.0.1' and port '3121'.
00:50:39 INFO  : Jtag cable 'Digilent JTAG-HS2 201706300081' is selected.
00:50:39 INFO  : 'jtag frequency' command is executed.
00:50:39 INFO  : Sourcing of 'C:/FPGA/MicroZus/ps_hello_zynq/ps_hello_zynq.sdk/ps_hello_zynq_wrapper_hw_platform_0/ps7_init.tcl' is done.
00:50:39 INFO  : Context for 'APU' is selected.
00:50:39 INFO  : Hardware design information is loaded from 'C:/FPGA/MicroZus/ps_hello_zynq/ps_hello_zynq.sdk/ps_hello_zynq_wrapper_hw_platform_0/system.hdf'.
00:50:39 INFO  : 'configparams force-mem-access 1' command is executed.
00:50:39 INFO  : Context for 'APU' is selected.
00:50:39 INFO  : 'stop' command is executed.
00:50:40 INFO  : 'ps7_init' command is executed.
00:50:40 INFO  : 'ps7_post_config' command is executed.
00:50:40 INFO  : Context for processor 'ps7_cortexa9_0' is selected.
00:50:40 INFO  : Processor reset is completed for 'ps7_cortexa9_0'.
00:50:40 INFO  : Context for processor 'ps7_cortexa9_0' is selected.
00:50:40 INFO  : The application 'C:/FPGA/MicroZus/ps_hello_zynq/ps_hello_zynq.sdk/ps_hello_zynq/Debug/ps_hello_zynq.elf' is downloaded to processor 'ps7_cortexa9_0'.
00:50:40 INFO  : 'configparams force-mem-access 0' command is executed.
00:50:40 INFO  : ----------------XSDB Script----------------
connect -url tcp:127.0.0.1:3121
source C:/FPGA/MicroZus/ps_hello_zynq/ps_hello_zynq.sdk/ps_hello_zynq_wrapper_hw_platform_0/ps7_init.tcl
targets -set -nocase -filter {name =~"APU*" && jtag_cable_name =~ "Digilent JTAG-HS2 201706300081"} -index 0
loadhw -hw C:/FPGA/MicroZus/ps_hello_zynq/ps_hello_zynq.sdk/ps_hello_zynq_wrapper_hw_platform_0/system.hdf -mem-ranges [list {0x40000000 0xbfffffff}]
configparams force-mem-access 1
targets -set -nocase -filter {name =~"APU*" && jtag_cable_name =~ "Digilent JTAG-HS2 201706300081"} -index 0
stop
ps7_init
ps7_post_config
targets -set -nocase -filter {name =~ "ARM*#0" && jtag_cable_name =~ "Digilent JTAG-HS2 201706300081"} -index 0
rst -processor
targets -set -nocase -filter {name =~ "ARM*#0" && jtag_cable_name =~ "Digilent JTAG-HS2 201706300081"} -index 0
dow C:/FPGA/MicroZus/ps_hello_zynq/ps_hello_zynq.sdk/ps_hello_zynq/Debug/ps_hello_zynq.elf
configparams force-mem-access 0
----------------End of Script----------------

00:50:40 INFO  : Context for processor 'ps7_cortexa9_0' is selected.
00:50:40 INFO  : 'con' command is executed.
00:50:40 INFO  : ----------------XSDB Script (After Launch)----------------
targets -set -nocase -filter {name =~ "ARM*#0" && jtag_cable_name =~ "Digilent JTAG-HS2 201706300081"} -index 0
con
----------------End of Script----------------

00:50:40 INFO  : Launch script is exported to file 'C:\FPGA\MicroZus\ps_hello_zynq\ps_hello_zynq.sdk\.sdk\launch_scripts\xilinx_c-c++_application_(system_debugger)\system_debugger_using_debug_ps_hello_zynq.elf_on_local.tcl'
00:51:26 INFO  : Disconnected from the channel tcfchan#1.
00:51:27 INFO  : Connected to target on host '127.0.0.1' and port '3121'.
00:51:27 INFO  : Jtag cable 'Digilent JTAG-HS2 201706300081' is selected.
00:51:27 INFO  : 'jtag frequency' command is executed.
00:51:27 INFO  : Sourcing of 'C:/FPGA/MicroZus/ps_hello_zynq/ps_hello_zynq.sdk/ps_hello_zynq_wrapper_hw_platform_0/ps7_init.tcl' is done.
00:51:27 INFO  : Context for 'APU' is selected.
00:51:28 INFO  : Hardware design information is loaded from 'C:/FPGA/MicroZus/ps_hello_zynq/ps_hello_zynq.sdk/ps_hello_zynq_wrapper_hw_platform_0/system.hdf'.
00:51:28 INFO  : 'configparams force-mem-access 1' command is executed.
00:51:28 INFO  : Context for 'APU' is selected.
00:51:28 INFO  : 'stop' command is executed.
00:51:29 INFO  : 'ps7_init' command is executed.
00:51:29 INFO  : 'ps7_post_config' command is executed.
00:51:29 INFO  : Context for processor 'ps7_cortexa9_0' is selected.
00:51:29 INFO  : Processor reset is completed for 'ps7_cortexa9_0'.
00:51:29 INFO  : Context for processor 'ps7_cortexa9_0' is selected.
00:51:29 INFO  : The application 'C:/FPGA/MicroZus/ps_hello_zynq/ps_hello_zynq.sdk/ps_hello_zynq/Debug/ps_hello_zynq.elf' is downloaded to processor 'ps7_cortexa9_0'.
00:51:29 INFO  : 'configparams force-mem-access 0' command is executed.
00:51:29 INFO  : ----------------XSDB Script----------------
connect -url tcp:127.0.0.1:3121
source C:/FPGA/MicroZus/ps_hello_zynq/ps_hello_zynq.sdk/ps_hello_zynq_wrapper_hw_platform_0/ps7_init.tcl
targets -set -nocase -filter {name =~"APU*" && jtag_cable_name =~ "Digilent JTAG-HS2 201706300081"} -index 0
loadhw -hw C:/FPGA/MicroZus/ps_hello_zynq/ps_hello_zynq.sdk/ps_hello_zynq_wrapper_hw_platform_0/system.hdf -mem-ranges [list {0x40000000 0xbfffffff}]
configparams force-mem-access 1
targets -set -nocase -filter {name =~"APU*" && jtag_cable_name =~ "Digilent JTAG-HS2 201706300081"} -index 0
stop
ps7_init
ps7_post_config
targets -set -nocase -filter {name =~ "ARM*#0" && jtag_cable_name =~ "Digilent JTAG-HS2 201706300081"} -index 0
rst -processor
targets -set -nocase -filter {name =~ "ARM*#0" && jtag_cable_name =~ "Digilent JTAG-HS2 201706300081"} -index 0
dow C:/FPGA/MicroZus/ps_hello_zynq/ps_hello_zynq.sdk/ps_hello_zynq/Debug/ps_hello_zynq.elf
configparams force-mem-access 0
----------------End of Script----------------

00:51:29 INFO  : Context for processor 'ps7_cortexa9_0' is selected.
00:51:29 INFO  : 'con' command is executed.
00:51:29 INFO  : ----------------XSDB Script (After Launch)----------------
targets -set -nocase -filter {name =~ "ARM*#0" && jtag_cable_name =~ "Digilent JTAG-HS2 201706300081"} -index 0
con
----------------End of Script----------------

00:51:29 INFO  : Launch script is exported to file 'C:\FPGA\MicroZus\ps_hello_zynq\ps_hello_zynq.sdk\.sdk\launch_scripts\xilinx_c-c++_application_(system_debugger)\system_debugger_using_debug_ps_hello_zynq.elf_on_local.tcl'
00:54:39 INFO  : Disconnected from the channel tcfchan#2.
